<?xml version="1.0" encoding="UTF-8"?>
<testsuite xmlns:xsi="http://www.w3.org/2001/XMLSchema-instance" xsi:noNamespaceSchemaLocation="https://maven.apache.org/surefire/maven-surefire-plugin/xsd/surefire-test-report-3.0.xsd" version="3.0" name="com.puretreats.backend.ProductControllerIntegrationTest" time="3.311" tests="2" errors="0" skipped="0" failures="0">
  <properties>
[...]
</properties>
  <testcase name="testShowProducts" classname="com.puretreats.backend.ProductControllerIntegrationTest" time="0.446">
    <system-out><![CDATA[2024-02-22T16:14:14.074+01:00  INFO 24936 --- [           main] t.c.s.AnnotationConfigContextLoaderUtils : Could not detect default configuration classes for test class [com.puretreats.backend.ProductControllerIntegrationTest]: ProductControllerIntegrationTest does not declare any static, non-private, non-final, nested classes annotated with @Configuration.
2024-02-22T16:14:14.091+01:00  INFO 24936 --- [           main] .b.t.c.SpringBootTestContextBootstrapper : Found @SpringBootConfiguration com.puretreats.backend.BackendApplication for test class com.puretreats.backend.ProductControllerIntegrationTest
2024-02-22T16:14:14.100+01:00  INFO 24936 --- [           main] o.s.b.d.r.RestartApplicationListener     : Restart disabled due to context in which it is running

  .   ____          _            __ _ _
 /\\ / ___'_ __ _ _(_)_ __  __ _ \ \ \ \
( ( )\___ | '_ | '_| | '_ \/ _` | \ \ \ \
 \\/  ___)| |_)| | | | | || (_| |  ) ) ) )
  '  |____| .__|_| |_|_| |_\__, | / / / /
 =========|_|==============|___/=/_/_/_/
 :: Spring Boot ::                (v3.2.2)

2024-02-22T16:14:14.168+01:00  INFO 24936 --- [           main] c.p.b.ProductControllerIntegrationTest   : Starting ProductControllerIntegrationTest using Java 19.0.1 with PID 24936 (started by OLAYA in D:\1. RURALCAMP\HACKATON\hf5-pure-treats\backend)
2024-02-22T16:14:14.169+01:00  INFO 24936 --- [           main] c.p.b.ProductControllerIntegrationTest   : No active profile set, falling back to 1 default profile: "default"
2024-02-22T16:14:14.625+01:00  INFO 24936 --- [           main] .s.d.r.c.RepositoryConfigurationDelegate : Bootstrapping Spring Data JPA repositories in DEFAULT mode.
2024-02-22T16:14:14.638+01:00  INFO 24936 --- [           main] .s.d.r.c.RepositoryConfigurationDelegate : Finished Spring Data repository scanning in 12 ms. Found 1 JPA repository interface.
2024-02-22T16:14:15.468+01:00  INFO 24936 --- [           main] o.hibernate.jpa.internal.util.LogHelper  : HHH000204: Processing PersistenceUnitInfo [name: default]
2024-02-22T16:14:15.476+01:00  INFO 24936 --- [           main] o.h.c.internal.RegionFactoryInitiator    : HHH000026: Second-level cache disabled
2024-02-22T16:14:15.483+01:00  INFO 24936 --- [           main] o.s.o.j.p.SpringPersistenceUnitInfo      : No LoadTimeWeaver setup: ignoring JPA class transformer
2024-02-22T16:14:15.486+01:00  INFO 24936 --- [           main] com.zaxxer.hikari.HikariDataSource       : HikariPool-2 - Starting...
2024-02-22T16:14:15.650+01:00  INFO 24936 --- [           main] com.zaxxer.hikari.pool.HikariPool        : HikariPool-2 - Added connection org.postgresql.jdbc.PgConnection@1ebcfcf1
2024-02-22T16:14:15.651+01:00  INFO 24936 --- [           main] com.zaxxer.hikari.HikariDataSource       : HikariPool-2 - Start completed.
2024-02-22T16:14:15.672+01:00  WARN 24936 --- [           main] org.hibernate.orm.deprecation            : HHH90000025: PostgreSQLDialect does not need to be specified explicitly using 'hibernate.dialect' (remove the property setting and it will be selected by default)
2024-02-22T16:14:15.811+01:00  INFO 24936 --- [           main] o.h.e.t.j.p.i.JtaPlatformInitiator       : HHH000489: No JTA platform available (set 'hibernate.transaction.jta.platform' to enable JTA platform integration)
Hibernate: drop table if exists products cascade
Hibernate: create table products (gluten_free boolean not null, id serial not null, lactose_free boolean not null, price float(53), sugar_free boolean not null, ingredients varchar(255), name varchar(255), nutritional_information varchar(255), photo_url varchar(255), primary key (id))
2024-02-22T16:14:15.978+01:00  INFO 24936 --- [           main] j.LocalContainerEntityManagerFactoryBean : Initialized JPA EntityManagerFactory for persistence unit 'default'
2024-02-22T16:14:16.190+01:00  WARN 24936 --- [           main] JpaBaseConfiguration$JpaWebConfiguration : spring.jpa.open-in-view is enabled by default. Therefore, database queries may be performed during view rendering. Explicitly configure spring.jpa.open-in-view to disable this warning
2024-02-22T16:14:16.810+01:00  INFO 24936 --- [           main] o.s.b.t.m.w.SpringBootMockServletContext : Initializing Spring TestDispatcherServlet ''
2024-02-22T16:14:16.812+01:00  INFO 24936 --- [           main] o.s.t.web.servlet.TestDispatcherServlet  : Initializing Servlet ''
2024-02-22T16:14:16.825+01:00  INFO 24936 --- [           main] o.s.t.web.servlet.TestDispatcherServlet  : Completed initialization in 7 ms
2024-02-22T16:14:16.854+01:00  INFO 24936 --- [           main] c.p.b.ProductControllerIntegrationTest   : Started ProductControllerIntegrationTest in 2.754 seconds (process running for 24.63)
]]></system-out>
  </testcase>
  <testcase name="testShowProductById" classname="com.puretreats.backend.ProductControllerIntegrationTest" time="0.039"/>
</testsuite>